[ 2014-05-14T04:15:39+08:00 ] 0.0.0.0 /ThermalGrid/
INFO: [ app_begin ] --START--
INFO: ReadHtmlCache Behavior ::run [ RunTime:0.000515s ]
INFO: [ app_begin ] --END-- [ RunTime:0.000624s ]
NOTIC: [2048] Declaration of IndexAction::get() should be compatible with Action::get($name = '') /Users/duruofei/Localhost/ThermalGrid/ThermalGrid/Lib/Action/IndexAction.class.php 第 2 行.
SQL: SHOW COLUMNS FROM `tg_grid` [ RunTime:0.053357s ]
SQL: SELECT * FROM `tg_grid` ORDER BY time desc LIMIT 1   [ RunTime:0.053400s ]
INFO: [ view_parse ] --START--
INFO: ParseTemplate Behavior ::run [ RunTime:0.021513s ]
INFO: [ view_parse ] --END-- [ RunTime:0.021636s ]
INFO: [ view_filter ] --START--
INFO: ContentReplace Behavior ::run [ RunTime:0.002131s ]
INFO: TokenBuild Behavior ::run [ RunTime:0.002124s ]
INFO: WriteHtmlCache Behavior ::run [ RunTime:0.002022s ]
INFO: ShowRuntime Behavior ::run [ RunTime:0.003379s ]
INFO: [ view_filter ] --END-- [ RunTime:0.009886s ]
INFO: [ view_end ] --START--
INFO: ShowPageTrace Behavior ::run [ RunTime:0.002695s ]
INFO: [ view_end ] --END-- [ RunTime:0.002774s ]

[ 2014-05-14T04:23:13+08:00 ] 0.0.0.0 /ThermalGrid/
INFO: [ app_begin ] --START--
INFO: ReadHtmlCache Behavior ::run [ RunTime:0.000193s ]
INFO: [ app_begin ] --END-- [ RunTime:0.000404s ]
NOTIC: [2048] Declaration of IndexAction::get() should be compatible with Action::get($name = '') /Users/duruofei/Localhost/ThermalGrid/ThermalGrid/Lib/Action/IndexAction.class.php 第 2 行.
SQL: SHOW COLUMNS FROM `tg_grid` [ RunTime:0.053448s ]
SQL: SELECT * FROM `tg_grid` ORDER BY time desc LIMIT 1   [ RunTime:0.050257s ]
INFO: [ view_parse ] --START--
INFO: ParseTemplate Behavior ::run [ RunTime:0.003733s ]
INFO: [ view_parse ] --END-- [ RunTime:0.003838s ]
INFO: [ view_filter ] --START--
INFO: ContentReplace Behavior ::run [ RunTime:0.000165s ]
INFO: TokenBuild Behavior ::run [ RunTime:0.000120s ]
INFO: WriteHtmlCache Behavior ::run [ RunTime:0.000083s ]
INFO: ShowRuntime Behavior ::run [ RunTime:0.000148s ]
INFO: [ view_filter ] --END-- [ RunTime:0.000682s ]
INFO: [ view_end ] --START--
INFO: ShowPageTrace Behavior ::run [ RunTime:0.000131s ]
INFO: [ view_end ] --END-- [ RunTime:0.000191s ]

[ 2014-05-14T04:23:30+08:00 ] 0.0.0.0 /ThermalGrid/
INFO: [ app_begin ] --START--
INFO: ReadHtmlCache Behavior ::run [ RunTime:0.000120s ]
INFO: [ app_begin ] --END-- [ RunTime:0.000205s ]
NOTIC: [2048] Declaration of IndexAction::get() should be compatible with Action::get($name = '') /Users/duruofei/Localhost/ThermalGrid/ThermalGrid/Lib/Action/IndexAction.class.php 第 2 行.
SQL: SHOW COLUMNS FROM `tg_grid` [ RunTime:0.052641s ]
SQL: SELECT * FROM `tg_grid` ORDER BY time desc LIMIT 1   [ RunTime:0.051065s ]
INFO: [ view_parse ] --START--
INFO: ParseTemplate Behavior ::run [ RunTime:0.002832s ]
INFO: [ view_parse ] --END-- [ RunTime:0.002907s ]
INFO: [ view_filter ] --START--
INFO: ContentReplace Behavior ::run [ RunTime:0.000122s ]
INFO: TokenBuild Behavior ::run [ RunTime:0.000107s ]
INFO: WriteHtmlCache Behavior ::run [ RunTime:0.000066s ]
INFO: ShowRuntime Behavior ::run [ RunTime:0.000126s ]
INFO: [ view_filter ] --END-- [ RunTime:0.000568s ]
INFO: [ view_end ] --START--
INFO: ShowPageTrace Behavior ::run [ RunTime:0.000103s ]
INFO: [ view_end ] --END-- [ RunTime:0.000156s ]

[ 2014-05-14T04:23:51+08:00 ] 0.0.0.0 /ThermalGrid/
INFO: [ app_begin ] --START--
INFO: ReadHtmlCache Behavior ::run [ RunTime:0.000175s ]
INFO: [ app_begin ] --END-- [ RunTime:0.000351s ]
NOTIC: [2048] Declaration of IndexAction::get() should be compatible with Action::get($name = '') /Users/duruofei/Localhost/ThermalGrid/ThermalGrid/Lib/Action/IndexAction.class.php 第 2 行.
SQL: SHOW COLUMNS FROM `tg_grid` [ RunTime:0.052860s ]
SQL: SELECT * FROM `tg_grid` ORDER BY time desc LIMIT 1   [ RunTime:0.050911s ]
INFO: [ view_parse ] --START--
INFO: ParseTemplate Behavior ::run [ RunTime:0.004136s ]
INFO: [ view_parse ] --END-- [ RunTime:0.004240s ]
INFO: [ view_filter ] --START--
INFO: ContentReplace Behavior ::run [ RunTime:0.000155s ]
INFO: TokenBuild Behavior ::run [ RunTime:0.000155s ]
INFO: WriteHtmlCache Behavior ::run [ RunTime:0.000084s ]
INFO: ShowRuntime Behavior ::run [ RunTime:0.000200s ]
INFO: [ view_filter ] --END-- [ RunTime:0.000782s ]
INFO: [ view_end ] --START--
INFO: ShowPageTrace Behavior ::run [ RunTime:0.000140s ]
INFO: [ view_end ] --END-- [ RunTime:0.000202s ]

[ 2014-05-14T04:24:01+08:00 ] 0.0.0.0 /ThermalGrid/
INFO: [ app_begin ] --START--
INFO: ReadHtmlCache Behavior ::run [ RunTime:0.000120s ]
INFO: [ app_begin ] --END-- [ RunTime:0.000209s ]
NOTIC: [2048] Declaration of IndexAction::get() should be compatible with Action::get($name = '') /Users/duruofei/Localhost/ThermalGrid/ThermalGrid/Lib/Action/IndexAction.class.php 第 2 行.
SQL: SHOW COLUMNS FROM `tg_grid` [ RunTime:0.055225s ]
SQL: SELECT * FROM `tg_grid` ORDER BY time desc LIMIT 1   [ RunTime:0.051605s ]
INFO: [ view_parse ] --START--
INFO: ParseTemplate Behavior ::run [ RunTime:0.002855s ]
INFO: [ view_parse ] --END-- [ RunTime:0.002933s ]
INFO: [ view_filter ] --START--
INFO: ContentReplace Behavior ::run [ RunTime:0.000122s ]
INFO: TokenBuild Behavior ::run [ RunTime:0.000108s ]
INFO: WriteHtmlCache Behavior ::run [ RunTime:0.000067s ]
INFO: ShowRuntime Behavior ::run [ RunTime:0.000130s ]
INFO: [ view_filter ] --END-- [ RunTime:0.000577s ]
INFO: [ view_end ] --START--
INFO: ShowPageTrace Behavior ::run [ RunTime:0.000105s ]
INFO: [ view_end ] --END-- [ RunTime:0.000160s ]

[ 2014-05-14T04:24:15+08:00 ] 0.0.0.0 /ThermalGrid/
INFO: [ app_begin ] --START--
INFO: ReadHtmlCache Behavior ::run [ RunTime:0.000451s ]
INFO: [ app_begin ] --END-- [ RunTime:0.000873s ]
NOTIC: [2048] Declaration of IndexAction::get() should be compatible with Action::get($name = '') /Users/duruofei/Localhost/ThermalGrid/ThermalGrid/Lib/Action/IndexAction.class.php 第 2 行.
SQL: SHOW COLUMNS FROM `tg_grid` [ RunTime:0.052807s ]
SQL: SELECT * FROM `tg_grid` ORDER BY time desc LIMIT 1   [ RunTime:0.051157s ]
INFO: [ view_parse ] --START--
INFO: ParseTemplate Behavior ::run [ RunTime:0.005190s ]
INFO: [ view_parse ] --END-- [ RunTime:0.005315s ]
INFO: [ view_filter ] --START--
INFO: ContentReplace Behavior ::run [ RunTime:0.000191s ]
INFO: TokenBuild Behavior ::run [ RunTime:0.000155s ]
INFO: WriteHtmlCache Behavior ::run [ RunTime:0.000105s ]
INFO: ShowRuntime Behavior ::run [ RunTime:0.000195s ]
INFO: [ view_filter ] --END-- [ RunTime:0.000856s ]
INFO: [ view_end ] --START--
INFO: ShowPageTrace Behavior ::run [ RunTime:0.000167s ]
INFO: [ view_end ] --END-- [ RunTime:0.000243s ]

[ 2014-05-14T04:25:25+08:00 ] 0.0.0.0 /ThermalGrid/
INFO: [ app_begin ] --START--
INFO: ReadHtmlCache Behavior ::run [ RunTime:0.000182s ]
INFO: [ app_begin ] --END-- [ RunTime:0.000367s ]
NOTIC: [2048] Declaration of IndexAction::get() should be compatible with Action::get($name = '') /Users/duruofei/Localhost/ThermalGrid/ThermalGrid/Lib/Action/IndexAction.class.php 第 2 行.
SQL: SHOW COLUMNS FROM `tg_grid` [ RunTime:0.052510s ]
SQL: SELECT * FROM `tg_grid` ORDER BY time desc LIMIT 1   [ RunTime:0.051060s ]
INFO: [ view_parse ] --START--
INFO: ParseTemplate Behavior ::run [ RunTime:0.003760s ]
INFO: [ view_parse ] --END-- [ RunTime:0.003851s ]
INFO: [ view_filter ] --START--
INFO: ContentReplace Behavior ::run [ RunTime:0.000140s ]
INFO: TokenBuild Behavior ::run [ RunTime:0.000113s ]
INFO: WriteHtmlCache Behavior ::run [ RunTime:0.000087s ]
INFO: ShowRuntime Behavior ::run [ RunTime:0.000155s ]
INFO: [ view_filter ] --END-- [ RunTime:0.000661s ]
INFO: [ view_end ] --START--
INFO: ShowPageTrace Behavior ::run [ RunTime:0.000129s ]
INFO: [ view_end ] --END-- [ RunTime:0.000187s ]

[ 2014-05-14T04:32:01+08:00 ] 0.0.0.0 /ThermalGrid/
INFO: [ app_begin ] --START--
INFO: ReadHtmlCache Behavior ::run [ RunTime:0.000132s ]
INFO: [ app_begin ] --END-- [ RunTime:0.000217s ]
NOTIC: [2048] Declaration of IndexAction::get() should be compatible with Action::get($name = '') /Users/duruofei/Localhost/ThermalGrid/ThermalGrid/Lib/Action/IndexAction.class.php 第 2 行.
SQL: SHOW COLUMNS FROM `tg_grid` [ RunTime:0.052338s ]
SQL: SELECT * FROM `tg_grid` ORDER BY time desc LIMIT 1   [ RunTime:0.050453s ]
INFO: [ view_parse ] --START--
INFO: ParseTemplate Behavior ::run [ RunTime:0.002860s ]
INFO: [ view_parse ] --END-- [ RunTime:0.002938s ]
INFO: [ view_filter ] --START--
INFO: ContentReplace Behavior ::run [ RunTime:0.000120s ]
INFO: TokenBuild Behavior ::run [ RunTime:0.000107s ]
INFO: WriteHtmlCache Behavior ::run [ RunTime:0.000067s ]
INFO: ShowRuntime Behavior ::run [ RunTime:0.000127s ]
INFO: [ view_filter ] --END-- [ RunTime:0.000566s ]
INFO: [ view_end ] --START--
INFO: ShowPageTrace Behavior ::run [ RunTime:0.000103s ]
INFO: [ view_end ] --END-- [ RunTime:0.000156s ]

[ 2014-05-14T04:32:26+08:00 ] 0.0.0.0 /ThermalGrid/
INFO: [ app_begin ] --START--
INFO: ReadHtmlCache Behavior ::run [ RunTime:0.000163s ]
INFO: [ app_begin ] --END-- [ RunTime:0.000274s ]
NOTIC: [2048] Declaration of IndexAction::get() should be compatible with Action::get($name = '') /Users/duruofei/Localhost/ThermalGrid/ThermalGrid/Lib/Action/IndexAction.class.php 第 2 行.
SQL: SHOW COLUMNS FROM `tg_grid` [ RunTime:0.052131s ]
SQL: SELECT * FROM `tg_grid` ORDER BY time desc LIMIT 1   [ RunTime:0.050756s ]
INFO: [ view_parse ] --START--
INFO: ParseTemplate Behavior ::run [ RunTime:0.002884s ]
INFO: [ view_parse ] --END-- [ RunTime:0.002980s ]
INFO: [ view_filter ] --START--
INFO: ContentReplace Behavior ::run [ RunTime:0.000140s ]
INFO: TokenBuild Behavior ::run [ RunTime:0.000108s ]
INFO: WriteHtmlCache Behavior ::run [ RunTime:0.000065s ]
INFO: ShowRuntime Behavior ::run [ RunTime:0.000127s ]
INFO: [ view_filter ] --END-- [ RunTime:0.000588s ]
INFO: [ view_end ] --START--
INFO: ShowPageTrace Behavior ::run [ RunTime:0.000104s ]
INFO: [ view_end ] --END-- [ RunTime:0.000157s ]

[ 2014-05-14T04:33:00+08:00 ] 0.0.0.0 /ThermalGrid/
INFO: [ app_begin ] --START--
INFO: ReadHtmlCache Behavior ::run [ RunTime:0.000165s ]
INFO: [ app_begin ] --END-- [ RunTime:0.000334s ]
NOTIC: [2048] Declaration of IndexAction::get() should be compatible with Action::get($name = '') /Users/duruofei/Localhost/ThermalGrid/ThermalGrid/Lib/Action/IndexAction.class.php 第 2 行.
SQL: SHOW COLUMNS FROM `tg_grid` [ RunTime:0.052211s ]
SQL: SELECT * FROM `tg_grid` ORDER BY time desc LIMIT 1   [ RunTime:0.050565s ]
INFO: [ view_parse ] --START--
INFO: ParseTemplate Behavior ::run [ RunTime:0.003662s ]
INFO: [ view_parse ] --END-- [ RunTime:0.003753s ]
INFO: [ view_filter ] --START--
INFO: ContentReplace Behavior ::run [ RunTime:0.000143s ]
INFO: TokenBuild Behavior ::run [ RunTime:0.000116s ]
INFO: WriteHtmlCache Behavior ::run [ RunTime:0.000080s ]
INFO: ShowRuntime Behavior ::run [ RunTime:0.000146s ]
INFO: [ view_filter ] --END-- [ RunTime:0.000642s ]
INFO: [ view_end ] --START--
INFO: ShowPageTrace Behavior ::run [ RunTime:0.000131s ]
INFO: [ view_end ] --END-- [ RunTime:0.000188s ]

[ 2014-05-14T04:33:11+08:00 ] 0.0.0.0 /ThermalGrid/
INFO: [ app_begin ] --START--
INFO: ReadHtmlCache Behavior ::run [ RunTime:0.000135s ]
INFO: [ app_begin ] --END-- [ RunTime:0.000227s ]
NOTIC: [2048] Declaration of IndexAction::get() should be compatible with Action::get($name = '') /Users/duruofei/Localhost/ThermalGrid/ThermalGrid/Lib/Action/IndexAction.class.php 第 2 行.
SQL: SHOW COLUMNS FROM `tg_grid` [ RunTime:0.053184s ]
SQL: SELECT * FROM `tg_grid` ORDER BY time desc LIMIT 1   [ RunTime:0.050655s ]
INFO: [ view_parse ] --START--
INFO: ParseTemplate Behavior ::run [ RunTime:0.004589s ]
INFO: [ view_parse ] --END-- [ RunTime:0.004694s ]
INFO: [ view_filter ] --START--
INFO: ContentReplace Behavior ::run [ RunTime:0.000190s ]
INFO: TokenBuild Behavior ::run [ RunTime:0.000180s ]
INFO: WriteHtmlCache Behavior ::run [ RunTime:0.000107s ]
INFO: ShowRuntime Behavior ::run [ RunTime:0.000193s ]
INFO: [ view_filter ] --END-- [ RunTime:0.000880s ]
INFO: [ view_end ] --START--
INFO: ShowPageTrace Behavior ::run [ RunTime:0.000196s ]
INFO: [ view_end ] --END-- [ RunTime:0.000274s ]

[ 2014-05-14T04:33:43+08:00 ] 0.0.0.0 /ThermalGrid/
INFO: [ app_begin ] --START--
INFO: ReadHtmlCache Behavior ::run [ RunTime:0.000178s ]
INFO: [ app_begin ] --END-- [ RunTime:0.000359s ]
NOTIC: [2048] Declaration of IndexAction::get() should be compatible with Action::get($name = '') /Users/duruofei/Localhost/ThermalGrid/ThermalGrid/Lib/Action/IndexAction.class.php 第 2 行.
SQL: SHOW COLUMNS FROM `tg_grid` [ RunTime:0.053438s ]
SQL: SELECT * FROM `tg_grid` ORDER BY time desc LIMIT 1   [ RunTime:0.051117s ]
INFO: [ view_parse ] --START--
INFO: ParseTemplate Behavior ::run [ RunTime:0.003687s ]
INFO: [ view_parse ] --END-- [ RunTime:0.003785s ]
INFO: [ view_filter ] --START--
INFO: ContentReplace Behavior ::run [ RunTime:0.000168s ]
INFO: TokenBuild Behavior ::run [ RunTime:0.000121s ]
INFO: WriteHtmlCache Behavior ::run [ RunTime:0.000082s ]
INFO: ShowRuntime Behavior ::run [ RunTime:0.000149s ]
INFO: [ view_filter ] --END-- [ RunTime:0.000685s ]
INFO: [ view_end ] --START--
INFO: ShowPageTrace Behavior ::run [ RunTime:0.000135s ]
INFO: [ view_end ] --END-- [ RunTime:0.000193s ]

[ 2014-05-14T04:34:00+08:00 ] 0.0.0.0 /ThermalGrid/
INFO: [ app_begin ] --START--
INFO: ReadHtmlCache Behavior ::run [ RunTime:0.000114s ]
INFO: [ app_begin ] --END-- [ RunTime:0.000199s ]
NOTIC: [2048] Declaration of IndexAction::get() should be compatible with Action::get($name = '') /Users/duruofei/Localhost/ThermalGrid/ThermalGrid/Lib/Action/IndexAction.class.php 第 2 行.
SQL: SHOW COLUMNS FROM `tg_grid` [ RunTime:0.052662s ]
SQL: SELECT * FROM `tg_grid` ORDER BY time desc LIMIT 1   [ RunTime:0.051219s ]
INFO: [ view_parse ] --START--
INFO: ParseTemplate Behavior ::run [ RunTime:0.003074s ]
INFO: [ view_parse ] --END-- [ RunTime:0.003153s ]
INFO: [ view_filter ] --START--
INFO: ContentReplace Behavior ::run [ RunTime:0.000131s ]
INFO: TokenBuild Behavior ::run [ RunTime:0.000117s ]
INFO: WriteHtmlCache Behavior ::run [ RunTime:0.000070s ]
INFO: ShowRuntime Behavior ::run [ RunTime:0.000148s ]
INFO: [ view_filter ] --END-- [ RunTime:0.000629s ]
INFO: [ view_end ] --START--
INFO: ShowPageTrace Behavior ::run [ RunTime:0.000104s ]
INFO: [ view_end ] --END-- [ RunTime:0.000158s ]

[ 2014-05-14T04:34:24+08:00 ] 0.0.0.0 /ThermalGrid/
INFO: [ app_begin ] --START--
INFO: ReadHtmlCache Behavior ::run [ RunTime:0.000177s ]
INFO: [ app_begin ] --END-- [ RunTime:0.000358s ]
NOTIC: [2048] Declaration of IndexAction::get() should be compatible with Action::get($name = '') /Users/duruofei/Localhost/ThermalGrid/ThermalGrid/Lib/Action/IndexAction.class.php 第 2 行.
SQL: SHOW COLUMNS FROM `tg_grid` [ RunTime:0.052812s ]
SQL: SELECT * FROM `tg_grid` ORDER BY time desc LIMIT 1   [ RunTime:0.050318s ]
INFO: [ view_parse ] --START--
INFO: ParseTemplate Behavior ::run [ RunTime:0.004535s ]
INFO: [ view_parse ] --END-- [ RunTime:0.004655s ]
INFO: [ view_filter ] --START--
INFO: ContentReplace Behavior ::run [ RunTime:0.000175s ]
INFO: TokenBuild Behavior ::run [ RunTime:0.000118s ]
INFO: WriteHtmlCache Behavior ::run [ RunTime:0.000080s ]
INFO: ShowRuntime Behavior ::run [ RunTime:0.000146s ]
INFO: [ view_filter ] --END-- [ RunTime:0.000679s ]
INFO: [ view_end ] --START--
INFO: ShowPageTrace Behavior ::run [ RunTime:0.000131s ]
INFO: [ view_end ] --END-- [ RunTime:0.000199s ]

[ 2014-05-14T04:34:27+08:00 ] 0.0.0.0 /ThermalGrid/
INFO: [ app_begin ] --START--
INFO: ReadHtmlCache Behavior ::run [ RunTime:0.000144s ]
INFO: [ app_begin ] --END-- [ RunTime:0.000242s ]
NOTIC: [2048] Declaration of IndexAction::get() should be compatible with Action::get($name = '') /Users/duruofei/Localhost/ThermalGrid/ThermalGrid/Lib/Action/IndexAction.class.php 第 2 行.
SQL: SHOW COLUMNS FROM `tg_grid` [ RunTime:0.052205s ]
SQL: SELECT * FROM `tg_grid` ORDER BY time desc LIMIT 1   [ RunTime:0.050995s ]
INFO: [ view_parse ] --START--
INFO: ParseTemplate Behavior ::run [ RunTime:0.004146s ]
INFO: [ view_parse ] --END-- [ RunTime:0.004256s ]
INFO: [ view_filter ] --START--
INFO: ContentReplace Behavior ::run [ RunTime:0.000192s ]
INFO: TokenBuild Behavior ::run [ RunTime:0.000131s ]
INFO: WriteHtmlCache Behavior ::run [ RunTime:0.000091s ]
INFO: ShowRuntime Behavior ::run [ RunTime:0.000164s ]
INFO: [ view_filter ] --END-- [ RunTime:0.000763s ]
INFO: [ view_end ] --START--
INFO: ShowPageTrace Behavior ::run [ RunTime:0.000146s ]
INFO: [ view_end ] --END-- [ RunTime:0.000210s ]

[ 2014-05-14T04:34:35+08:00 ] 0.0.0.0 /ThermalGrid/
INFO: [ app_begin ] --START--
INFO: ReadHtmlCache Behavior ::run [ RunTime:0.000120s ]
INFO: [ app_begin ] --END-- [ RunTime:0.000209s ]
NOTIC: [2048] Declaration of IndexAction::get() should be compatible with Action::get($name = '') /Users/duruofei/Localhost/ThermalGrid/ThermalGrid/Lib/Action/IndexAction.class.php 第 2 行.
SQL: SHOW COLUMNS FROM `tg_grid` [ RunTime:0.053519s ]
SQL: SELECT * FROM `tg_grid` ORDER BY time desc LIMIT 1   [ RunTime:0.050718s ]
INFO: [ view_parse ] --START--
INFO: ParseTemplate Behavior ::run [ RunTime:0.004340s ]
INFO: [ view_parse ] --END-- [ RunTime:0.004454s ]
INFO: [ view_filter ] --START--
INFO: ContentReplace Behavior ::run [ RunTime:0.000162s ]
INFO: TokenBuild Behavior ::run [ RunTime:0.000121s ]
INFO: WriteHtmlCache Behavior ::run [ RunTime:0.000072s ]
INFO: ShowRuntime Behavior ::run [ RunTime:0.000142s ]
INFO: [ view_filter ] --END-- [ RunTime:0.000665s ]
INFO: [ view_end ] --START--
INFO: ShowPageTrace Behavior ::run [ RunTime:0.000115s ]
INFO: [ view_end ] --END-- [ RunTime:0.000175s ]

[ 2014-05-14T04:49:29+08:00 ] 0.0.0.0 /ThermalGrid/
INFO: [ app_begin ] --START--
INFO: ReadHtmlCache Behavior ::run [ RunTime:0.000228s ]
INFO: [ app_begin ] --END-- [ RunTime:0.000466s ]
NOTIC: [2048] Declaration of IndexAction::get() should be compatible with Action::get($name = '') /Users/duruofei/Localhost/ThermalGrid/ThermalGrid/Lib/Action/IndexAction.class.php 第 2 行.
SQL: SHOW COLUMNS FROM `tg_grid` [ RunTime:0.052578s ]
SQL: SELECT * FROM `tg_grid` ORDER BY time desc LIMIT 1   [ RunTime:0.050508s ]
INFO: [ view_parse ] --START--
INFO: ParseTemplate Behavior ::run [ RunTime:0.003825s ]
INFO: [ view_parse ] --END-- [ RunTime:0.003944s ]
INFO: [ view_filter ] --START--
INFO: ContentReplace Behavior ::run [ RunTime:0.000160s ]
INFO: TokenBuild Behavior ::run [ RunTime:0.000127s ]
INFO: WriteHtmlCache Behavior ::run [ RunTime:0.000086s ]
INFO: ShowRuntime Behavior ::run [ RunTime:0.000153s ]
INFO: [ view_filter ] --END-- [ RunTime:0.000696s ]
INFO: [ view_end ] --START--
INFO: ShowPageTrace Behavior ::run [ RunTime:0.000136s ]
INFO: [ view_end ] --END-- [ RunTime:0.000197s ]

[ 2014-05-14T04:49:45+08:00 ] 0.0.0.0 /ThermalGrid/
INFO: [ app_begin ] --START--
INFO: ReadHtmlCache Behavior ::run [ RunTime:0.000163s ]
INFO: [ app_begin ] --END-- [ RunTime:0.000274s ]
NOTIC: [2048] Declaration of IndexAction::get() should be compatible with Action::get($name = '') /Users/duruofei/Localhost/ThermalGrid/ThermalGrid/Lib/Action/IndexAction.class.php 第 2 行.
SQL: SHOW COLUMNS FROM `tg_grid` [ RunTime:0.053393s ]
SQL: SELECT * FROM `tg_grid` ORDER BY time desc LIMIT 1   [ RunTime:0.050940s ]
INFO: [ view_parse ] --START--
INFO: ParseTemplate Behavior ::run [ RunTime:0.004297s ]
INFO: [ view_parse ] --END-- [ RunTime:0.004402s ]
INFO: [ view_filter ] --START--
INFO: ContentReplace Behavior ::run [ RunTime:0.000164s ]
INFO: TokenBuild Behavior ::run [ RunTime:0.000142s ]
INFO: WriteHtmlCache Behavior ::run [ RunTime:0.000088s ]
INFO: ShowRuntime Behavior ::run [ RunTime:0.000169s ]
INFO: [ view_filter ] --END-- [ RunTime:0.000759s ]
INFO: [ view_end ] --START--
INFO: ShowPageTrace Behavior ::run [ RunTime:0.000137s ]
INFO: [ view_end ] --END-- [ RunTime:0.000207s ]

[ 2014-05-14T04:50:06+08:00 ] 0.0.0.0 /ThermalGrid/
INFO: [ app_begin ] --START--
INFO: ReadHtmlCache Behavior ::run [ RunTime:0.000161s ]
INFO: [ app_begin ] --END-- [ RunTime:0.000325s ]
NOTIC: [2048] Declaration of IndexAction::get() should be compatible with Action::get($name = '') /Users/duruofei/Localhost/ThermalGrid/ThermalGrid/Lib/Action/IndexAction.class.php 第 2 行.
SQL: SHOW COLUMNS FROM `tg_grid` [ RunTime:0.053449s ]
SQL: SELECT * FROM `tg_grid` ORDER BY time desc LIMIT 1   [ RunTime:0.051795s ]
INFO: [ view_parse ] --START--
INFO: ParseTemplate Behavior ::run [ RunTime:0.003649s ]
INFO: [ view_parse ] --END-- [ RunTime:0.003748s ]
INFO: [ view_filter ] --START--
INFO: ContentReplace Behavior ::run [ RunTime:0.000160s ]
INFO: TokenBuild Behavior ::run [ RunTime:0.000121s ]
INFO: WriteHtmlCache Behavior ::run [ RunTime:0.000084s ]
INFO: ShowRuntime Behavior ::run [ RunTime:0.000150s ]
INFO: [ view_filter ] --END-- [ RunTime:0.000677s ]
INFO: [ view_end ] --START--
INFO: ShowPageTrace Behavior ::run [ RunTime:0.000129s ]
INFO: [ view_end ] --END-- [ RunTime:0.000187s ]

[ 2014-05-14T04:50:10+08:00 ] 0.0.0.0 /ThermalGrid/
INFO: [ app_begin ] --START--
INFO: ReadHtmlCache Behavior ::run [ RunTime:0.000139s ]
INFO: [ app_begin ] --END-- [ RunTime:0.000235s ]
NOTIC: [2048] Declaration of IndexAction::get() should be compatible with Action::get($name = '') /Users/duruofei/Localhost/ThermalGrid/ThermalGrid/Lib/Action/IndexAction.class.php 第 2 行.
SQL: SHOW COLUMNS FROM `tg_grid` [ RunTime:0.052629s ]
SQL: SELECT * FROM `tg_grid` ORDER BY time desc LIMIT 1   [ RunTime:0.050226s ]
INFO: [ view_parse ] --START--
INFO: ParseTemplate Behavior ::run [ RunTime:0.002882s ]
INFO: [ view_parse ] --END-- [ RunTime:0.002966s ]
INFO: [ view_filter ] --START--
INFO: ContentReplace Behavior ::run [ RunTime:0.000125s ]
INFO: TokenBuild Behavior ::run [ RunTime:0.000110s ]
INFO: WriteHtmlCache Behavior ::run [ RunTime:0.000067s ]
INFO: ShowRuntime Behavior ::run [ RunTime:0.000132s ]
INFO: [ view_filter ] --END-- [ RunTime:0.000585s ]
INFO: [ view_end ] --START--
INFO: ShowPageTrace Behavior ::run [ RunTime:0.000107s ]
INFO: [ view_end ] --END-- [ RunTime:0.000161s ]

[ 2014-05-14T04:56:32+08:00 ] 0.0.0.0 /ThermalGrid/
INFO: [ app_begin ] --START--
INFO: ReadHtmlCache Behavior ::run [ RunTime:0.000142s ]
INFO: [ app_begin ] --END-- [ RunTime:0.000242s ]
NOTIC: [2048] Declaration of IndexAction::get() should be compatible with Action::get($name = '') /Users/duruofei/Localhost/ThermalGrid/ThermalGrid/Lib/Action/IndexAction.class.php 第 2 行.
SQL: SHOW COLUMNS FROM `tg_grid` [ RunTime:0.052516s ]
SQL: SELECT * FROM `tg_grid` ORDER BY time desc LIMIT 1   [ RunTime:0.050417s ]
INFO: [ view_parse ] --START--
INFO: ParseTemplate Behavior ::run [ RunTime:0.007998s ]
INFO: [ view_parse ] --END-- [ RunTime:0.008092s ]
INFO: [ view_filter ] --START--
INFO: ContentReplace Behavior ::run [ RunTime:0.000138s ]
INFO: TokenBuild Behavior ::run [ RunTime:0.000114s ]
INFO: WriteHtmlCache Behavior ::run [ RunTime:0.000070s ]
INFO: ShowRuntime Behavior ::run [ RunTime:0.000149s ]
INFO: [ view_filter ] --END-- [ RunTime:0.000625s ]
INFO: [ view_end ] --START--
INFO: ShowPageTrace Behavior ::run [ RunTime:0.000110s ]
INFO: [ view_end ] --END-- [ RunTime:0.000165s ]

[ 2014-05-14T04:59:18+08:00 ] 0.0.0.0 /ThermalGrid/
INFO: [ app_begin ] --START--
INFO: ReadHtmlCache Behavior ::run [ RunTime:0.000139s ]
INFO: [ app_begin ] --END-- [ RunTime:0.000239s ]
NOTIC: [2048] Declaration of IndexAction::get() should be compatible with Action::get($name = '') /Users/duruofei/Localhost/ThermalGrid/ThermalGrid/Lib/Action/IndexAction.class.php 第 2 行.
SQL: SHOW COLUMNS FROM `tg_grid` [ RunTime:0.052412s ]
SQL: SELECT * FROM `tg_grid` ORDER BY time desc LIMIT 1   [ RunTime:0.051022s ]
INFO: [ view_parse ] --START--
INFO: ParseTemplate Behavior ::run [ RunTime:0.003514s ]
INFO: [ view_parse ] --END-- [ RunTime:0.003624s ]
INFO: [ view_filter ] --START--
INFO: ContentReplace Behavior ::run [ RunTime:0.000158s ]
INFO: TokenBuild Behavior ::run [ RunTime:0.000133s ]
INFO: WriteHtmlCache Behavior ::run [ RunTime:0.000072s ]
INFO: ShowRuntime Behavior ::run [ RunTime:0.000132s ]
INFO: [ view_filter ] --END-- [ RunTime:0.000688s ]
INFO: [ view_end ] --START--
INFO: ShowPageTrace Behavior ::run [ RunTime:0.000109s ]
INFO: [ view_end ] --END-- [ RunTime:0.000165s ]

[ 2014-05-14T04:59:21+08:00 ] 0.0.0.0 /ThermalGrid/
INFO: [ app_begin ] --START--
INFO: ReadHtmlCache Behavior ::run [ RunTime:0.000131s ]
INFO: [ app_begin ] --END-- [ RunTime:0.000225s ]
NOTIC: [2048] Declaration of IndexAction::get() should be compatible with Action::get($name = '') /Users/duruofei/Localhost/ThermalGrid/ThermalGrid/Lib/Action/IndexAction.class.php 第 2 行.
SQL: SHOW COLUMNS FROM `tg_grid` [ RunTime:0.052277s ]
SQL: SELECT * FROM `tg_grid` ORDER BY time desc LIMIT 1   [ RunTime:0.050151s ]
INFO: [ view_parse ] --START--
INFO: ParseTemplate Behavior ::run [ RunTime:0.003536s ]
INFO: [ view_parse ] --END-- [ RunTime:0.003634s ]
INFO: [ view_filter ] --START--
INFO: ContentReplace Behavior ::run [ RunTime:0.000140s ]
INFO: TokenBuild Behavior ::run [ RunTime:0.000124s ]
INFO: WriteHtmlCache Behavior ::run [ RunTime:0.000075s ]
INFO: ShowRuntime Behavior ::run [ RunTime:0.000155s ]
INFO: [ view_filter ] --END-- [ RunTime:0.000660s ]
INFO: [ view_end ] --START--
INFO: ShowPageTrace Behavior ::run [ RunTime:0.000119s ]
INFO: [ view_end ] --END-- [ RunTime:0.000179s ]

[ 2014-05-14T04:59:47+08:00 ] 0.0.0.0 /ThermalGrid/
INFO: [ app_begin ] --START--
INFO: ReadHtmlCache Behavior ::run [ RunTime:0.000126s ]
INFO: [ app_begin ] --END-- [ RunTime:0.000208s ]
NOTIC: [2048] Declaration of IndexAction::get() should be compatible with Action::get($name = '') /Users/duruofei/Localhost/ThermalGrid/ThermalGrid/Lib/Action/IndexAction.class.php 第 2 行.
SQL: SHOW COLUMNS FROM `tg_grid` [ RunTime:0.053121s ]
SQL: SELECT * FROM `tg_grid` ORDER BY time desc LIMIT 1   [ RunTime:0.050842s ]
INFO: [ view_parse ] --START--
INFO: ParseTemplate Behavior ::run [ RunTime:0.002960s ]
INFO: [ view_parse ] --END-- [ RunTime:0.003043s ]
INFO: [ view_filter ] --START--
INFO: ContentReplace Behavior ::run [ RunTime:0.000119s ]
INFO: TokenBuild Behavior ::run [ RunTime:0.000112s ]
INFO: WriteHtmlCache Behavior ::run [ RunTime:0.000077s ]
INFO: ShowRuntime Behavior ::run [ RunTime:0.000127s ]
INFO: [ view_filter ] --END-- [ RunTime:0.000591s ]
INFO: [ view_end ] --START--
INFO: ShowPageTrace Behavior ::run [ RunTime:0.000104s ]
INFO: [ view_end ] --END-- [ RunTime:0.000156s ]

[ 2014-05-14T05:00:18+08:00 ] 0.0.0.0 /ThermalGrid/
INFO: [ app_begin ] --START--
INFO: ReadHtmlCache Behavior ::run [ RunTime:0.000292s ]
INFO: [ app_begin ] --END-- [ RunTime:0.000564s ]
NOTIC: [2048] Declaration of IndexAction::get() should be compatible with Action::get($name = '') /Users/duruofei/Localhost/ThermalGrid/ThermalGrid/Lib/Action/IndexAction.class.php 第 2 行.
SQL: SHOW COLUMNS FROM `tg_grid` [ RunTime:0.052887s ]
SQL: SELECT * FROM `tg_grid` ORDER BY time desc LIMIT 1   [ RunTime:0.050421s ]
INFO: [ view_parse ] --START--
INFO: ParseTemplate Behavior ::run [ RunTime:0.004307s ]
INFO: [ view_parse ] --END-- [ RunTime:0.004429s ]
INFO: [ view_filter ] --START--
INFO: ContentReplace Behavior ::run [ RunTime:0.000194s ]
INFO: TokenBuild Behavior ::run [ RunTime:0.000123s ]
INFO: WriteHtmlCache Behavior ::run [ RunTime:0.000082s ]
INFO: ShowRuntime Behavior ::run [ RunTime:0.000152s ]
INFO: [ view_filter ] --END-- [ RunTime:0.000713s ]
INFO: [ view_end ] --START--
INFO: ShowPageTrace Behavior ::run [ RunTime:0.000133s ]
INFO: [ view_end ] --END-- [ RunTime:0.000192s ]

[ 2014-05-14T05:00:42+08:00 ] 0.0.0.0 /ThermalGrid/
INFO: [ app_begin ] --START--
INFO: ReadHtmlCache Behavior ::run [ RunTime:0.000315s ]
INFO: [ app_begin ] --END-- [ RunTime:0.000523s ]
NOTIC: [2048] Declaration of IndexAction::get() should be compatible with Action::get($name = '') /Users/duruofei/Localhost/ThermalGrid/ThermalGrid/Lib/Action/IndexAction.class.php 第 2 行.
SQL: SHOW COLUMNS FROM `tg_grid` [ RunTime:0.053313s ]
SQL: SELECT * FROM `tg_grid` ORDER BY time desc LIMIT 1   [ RunTime:0.050648s ]
INFO: [ view_parse ] --START--
INFO: ParseTemplate Behavior ::run [ RunTime:0.004658s ]
INFO: [ view_parse ] --END-- [ RunTime:0.004779s ]
INFO: [ view_filter ] --START--
INFO: ContentReplace Behavior ::run [ RunTime:0.000191s ]
INFO: TokenBuild Behavior ::run [ RunTime:0.000158s ]
INFO: WriteHtmlCache Behavior ::run [ RunTime:0.000106s ]
INFO: ShowRuntime Behavior ::run [ RunTime:0.000194s ]
INFO: [ view_filter ] --END-- [ RunTime:0.000861s ]
INFO: [ view_end ] --START--
INFO: ShowPageTrace Behavior ::run [ RunTime:0.000211s ]
INFO: [ view_end ] --END-- [ RunTime:0.000289s ]

[ 2014-05-14T05:01:17+08:00 ] 0.0.0.0 /ThermalGrid/
INFO: [ app_begin ] --START--
INFO: ReadHtmlCache Behavior ::run [ RunTime:0.000351s ]
INFO: [ app_begin ] --END-- [ RunTime:0.000816s ]
NOTIC: [2048] Declaration of IndexAction::get() should be compatible with Action::get($name = '') /Users/duruofei/Localhost/ThermalGrid/ThermalGrid/Lib/Action/IndexAction.class.php 第 2 行.
SQL: SHOW COLUMNS FROM `tg_grid` [ RunTime:0.052016s ]
SQL: SELECT * FROM `tg_grid` ORDER BY time desc LIMIT 1   [ RunTime:0.051137s ]
INFO: [ view_parse ] --START--
INFO: ParseTemplate Behavior ::run [ RunTime:0.003624s ]
INFO: [ view_parse ] --END-- [ RunTime:0.003713s ]
INFO: [ view_filter ] --START--
INFO: ContentReplace Behavior ::run [ RunTime:0.000163s ]
INFO: TokenBuild Behavior ::run [ RunTime:0.000118s ]
INFO: WriteHtmlCache Behavior ::run [ RunTime:0.000091s ]
INFO: ShowRuntime Behavior ::run [ RunTime:0.000150s ]
INFO: [ view_filter ] --END-- [ RunTime:0.000681s ]
INFO: [ view_end ] --START--
INFO: ShowPageTrace Behavior ::run [ RunTime:0.000133s ]
INFO: [ view_end ] --END-- [ RunTime:0.000192s ]

[ 2014-05-14T05:01:19+08:00 ] 0.0.0.0 /ThermalGrid/
INFO: [ app_begin ] --START--
INFO: ReadHtmlCache Behavior ::run [ RunTime:0.000181s ]
INFO: [ app_begin ] --END-- [ RunTime:0.000366s ]
NOTIC: [2048] Declaration of IndexAction::get() should be compatible with Action::get($name = '') /Users/duruofei/Localhost/ThermalGrid/ThermalGrid/Lib/Action/IndexAction.class.php 第 2 行.
SQL: SHOW COLUMNS FROM `tg_grid` [ RunTime:0.054195s ]
SQL: SELECT * FROM `tg_grid` ORDER BY time desc LIMIT 1   [ RunTime:0.050983s ]
INFO: [ view_parse ] --START--
INFO: ParseTemplate Behavior ::run [ RunTime:0.003649s ]
INFO: [ view_parse ] --END-- [ RunTime:0.003734s ]
INFO: [ view_filter ] --START--
INFO: ContentReplace Behavior ::run [ RunTime:0.000147s ]
INFO: TokenBuild Behavior ::run [ RunTime:0.000122s ]
INFO: WriteHtmlCache Behavior ::run [ RunTime:0.000082s ]
INFO: ShowRuntime Behavior ::run [ RunTime:0.000149s ]
INFO: [ view_filter ] --END-- [ RunTime:0.000660s ]
INFO: [ view_end ] --START--
INFO: ShowPageTrace Behavior ::run [ RunTime:0.000124s ]
INFO: [ view_end ] --END-- [ RunTime:0.000180s ]

[ 2014-05-14T05:01:25+08:00 ] 0.0.0.0 /ThermalGrid/
INFO: [ app_begin ] --START--
INFO: ReadHtmlCache Behavior ::run [ RunTime:0.000125s ]
INFO: [ app_begin ] --END-- [ RunTime:0.000211s ]
NOTIC: [2048] Declaration of IndexAction::get() should be compatible with Action::get($name = '') /Users/duruofei/Localhost/ThermalGrid/ThermalGrid/Lib/Action/IndexAction.class.php 第 2 行.
SQL: SHOW COLUMNS FROM `tg_grid` [ RunTime:0.051838s ]
SQL: SELECT * FROM `tg_grid` ORDER BY time desc LIMIT 1   [ RunTime:0.049900s ]
INFO: [ view_parse ] --START--
INFO: ParseTemplate Behavior ::run [ RunTime:0.002988s ]
INFO: [ view_parse ] --END-- [ RunTime:0.003073s ]
INFO: [ view_filter ] --START--
INFO: ContentReplace Behavior ::run [ RunTime:0.000120s ]
INFO: TokenBuild Behavior ::run [ RunTime:0.000108s ]
INFO: WriteHtmlCache Behavior ::run [ RunTime:0.000068s ]
INFO: ShowRuntime Behavior ::run [ RunTime:0.000135s ]
INFO: [ view_filter ] --END-- [ RunTime:0.000576s ]
INFO: [ view_end ] --START--
INFO: ShowPageTrace Behavior ::run [ RunTime:0.000100s ]
INFO: [ view_end ] --END-- [ RunTime:0.000151s ]

[ 2014-05-14T05:01:27+08:00 ] 0.0.0.0 /ThermalGrid/
INFO: [ app_begin ] --START--
INFO: ReadHtmlCache Behavior ::run [ RunTime:0.000171s ]
INFO: [ app_begin ] --END-- [ RunTime:0.000344s ]
NOTIC: [2048] Declaration of IndexAction::get() should be compatible with Action::get($name = '') /Users/duruofei/Localhost/ThermalGrid/ThermalGrid/Lib/Action/IndexAction.class.php 第 2 行.
SQL: SHOW COLUMNS FROM `tg_grid` [ RunTime:0.053309s ]
SQL: SELECT * FROM `tg_grid` ORDER BY time desc LIMIT 1   [ RunTime:0.050264s ]
INFO: [ view_parse ] --START--
INFO: ParseTemplate Behavior ::run [ RunTime:0.003603s ]
INFO: [ view_parse ] --END-- [ RunTime:0.003681s ]
INFO: [ view_filter ] --START--
INFO: ContentReplace Behavior ::run [ RunTime:0.000161s ]
INFO: TokenBuild Behavior ::run [ RunTime:0.000121s ]
INFO: WriteHtmlCache Behavior ::run [ RunTime:0.000083s ]
INFO: ShowRuntime Behavior ::run [ RunTime:0.000145s ]
INFO: [ view_filter ] --END-- [ RunTime:0.000680s ]
INFO: [ view_end ] --START--
INFO: ShowPageTrace Behavior ::run [ RunTime:0.000132s ]
INFO: [ view_end ] --END-- [ RunTime:0.000189s ]

[ 2014-05-14T05:01:29+08:00 ] 0.0.0.0 /ThermalGrid/
INFO: [ app_begin ] --START--
INFO: ReadHtmlCache Behavior ::run [ RunTime:0.000140s ]
INFO: [ app_begin ] --END-- [ RunTime:0.000235s ]
NOTIC: [2048] Declaration of IndexAction::get() should be compatible with Action::get($name = '') /Users/duruofei/Localhost/ThermalGrid/ThermalGrid/Lib/Action/IndexAction.class.php 第 2 行.
SQL: SHOW COLUMNS FROM `tg_grid` [ RunTime:0.052501s ]
SQL: SELECT * FROM `tg_grid` ORDER BY time desc LIMIT 1   [ RunTime:0.049935s ]
INFO: [ view_parse ] --START--
INFO: ParseTemplate Behavior ::run [ RunTime:0.002946s ]
INFO: [ view_parse ] --END-- [ RunTime:0.003035s ]
INFO: [ view_filter ] --START--
INFO: ContentReplace Behavior ::run [ RunTime:0.000131s ]
INFO: TokenBuild Behavior ::run [ RunTime:0.000113s ]
INFO: WriteHtmlCache Behavior ::run [ RunTime:0.000068s ]
INFO: ShowRuntime Behavior ::run [ RunTime:0.000132s ]
INFO: [ view_filter ] --END-- [ RunTime:0.000596s ]
INFO: [ view_end ] --START--
INFO: ShowPageTrace Behavior ::run [ RunTime:0.000107s ]
INFO: [ view_end ] --END-- [ RunTime:0.000163s ]

[ 2014-05-14T05:01:34+08:00 ] 0.0.0.0 /ThermalGrid/
INFO: [ app_begin ] --START--
INFO: ReadHtmlCache Behavior ::run [ RunTime:0.000152s ]
INFO: [ app_begin ] --END-- [ RunTime:0.000259s ]
NOTIC: [2048] Declaration of IndexAction::get() should be compatible with Action::get($name = '') /Users/duruofei/Localhost/ThermalGrid/ThermalGrid/Lib/Action/IndexAction.class.php 第 2 行.
SQL: SHOW COLUMNS FROM `tg_grid` [ RunTime:0.053703s ]
SQL: SELECT * FROM `tg_grid` ORDER BY time desc LIMIT 1   [ RunTime:0.050648s ]
INFO: [ view_parse ] --START--
INFO: ParseTemplate Behavior ::run [ RunTime:0.002894s ]
INFO: [ view_parse ] --END-- [ RunTime:0.002983s ]
INFO: [ view_filter ] --START--
INFO: ContentReplace Behavior ::run [ RunTime:0.000118s ]
INFO: TokenBuild Behavior ::run [ RunTime:0.000105s ]
INFO: WriteHtmlCache Behavior ::run [ RunTime:0.000063s ]
INFO: ShowRuntime Behavior ::run [ RunTime:0.000124s ]
INFO: [ view_filter ] --END-- [ RunTime:0.000556s ]
INFO: [ view_end ] --START--
INFO: ShowPageTrace Behavior ::run [ RunTime:0.000101s ]
INFO: [ view_end ] --END-- [ RunTime:0.000153s ]

[ 2014-05-14T05:02:25+08:00 ] 0.0.0.0 /ThermalGrid/
INFO: [ app_begin ] --START--
INFO: ReadHtmlCache Behavior ::run [ RunTime:0.000131s ]
INFO: [ app_begin ] --END-- [ RunTime:0.000223s ]
NOTIC: [2048] Declaration of IndexAction::get() should be compatible with Action::get($name = '') /Users/duruofei/Localhost/ThermalGrid/ThermalGrid/Lib/Action/IndexAction.class.php 第 2 行.
SQL: SHOW COLUMNS FROM `tg_grid` [ RunTime:0.052070s ]
SQL: SELECT * FROM `tg_grid` ORDER BY time desc LIMIT 1   [ RunTime:0.050492s ]
INFO: [ view_parse ] --START--
INFO: ParseTemplate Behavior ::run [ RunTime:0.002905s ]
INFO: [ view_parse ] --END-- [ RunTime:0.002983s ]
INFO: [ view_filter ] --START--
INFO: ContentReplace Behavior ::run [ RunTime:0.000131s ]
INFO: TokenBuild Behavior ::run [ RunTime:0.000112s ]
INFO: WriteHtmlCache Behavior ::run [ RunTime:0.000069s ]
INFO: ShowRuntime Behavior ::run [ RunTime:0.000134s ]
INFO: [ view_filter ] --END-- [ RunTime:0.000599s ]
INFO: [ view_end ] --START--
INFO: ShowPageTrace Behavior ::run [ RunTime:0.000109s ]
INFO: [ view_end ] --END-- [ RunTime:0.000164s ]

[ 2014-05-14T05:37:22+08:00 ] 0.0.0.0 /ThermalGrid/
INFO: [ app_begin ] --START--
INFO: ReadHtmlCache Behavior ::run [ RunTime:0.000177s ]
INFO: [ app_begin ] --END-- [ RunTime:0.000357s ]
NOTIC: [2048] Declaration of IndexAction::get() should be compatible with Action::get($name = '') /Users/duruofei/Localhost/ThermalGrid/ThermalGrid/Lib/Action/IndexAction.class.php 第 2 行.
SQL: SHOW COLUMNS FROM `tg_grid` [ RunTime:0.053246s ]
SQL: SELECT * FROM `tg_grid` ORDER BY time desc LIMIT 1   [ RunTime:0.050339s ]
INFO: [ view_parse ] --START--
INFO: ParseTemplate Behavior ::run [ RunTime:0.008182s ]
INFO: [ view_parse ] --END-- [ RunTime:0.008288s ]
INFO: [ view_filter ] --START--
INFO: ContentReplace Behavior ::run [ RunTime:0.000170s ]
INFO: TokenBuild Behavior ::run [ RunTime:0.000123s ]
INFO: WriteHtmlCache Behavior ::run [ RunTime:0.000085s ]
INFO: ShowRuntime Behavior ::run [ RunTime:0.000153s ]
INFO: [ view_filter ] --END-- [ RunTime:0.000691s ]
INFO: [ view_end ] --START--
INFO: ShowPageTrace Behavior ::run [ RunTime:0.000137s ]
INFO: [ view_end ] --END-- [ RunTime:0.000198s ]

[ 2014-05-14T05:37:24+08:00 ] 0.0.0.0 /ThermalGrid/
INFO: [ app_begin ] --START--
INFO: ReadHtmlCache Behavior ::run [ RunTime:0.000125s ]
INFO: [ app_begin ] --END-- [ RunTime:0.000215s ]
NOTIC: [2048] Declaration of IndexAction::get() should be compatible with Action::get($name = '') /Users/duruofei/Localhost/ThermalGrid/ThermalGrid/Lib/Action/IndexAction.class.php 第 2 行.
SQL: SHOW COLUMNS FROM `tg_grid` [ RunTime:0.053963s ]
SQL: SELECT * FROM `tg_grid` ORDER BY time desc LIMIT 1   [ RunTime:0.051839s ]
INFO: [ view_parse ] --START--
INFO: ParseTemplate Behavior ::run [ RunTime:0.003144s ]
INFO: [ view_parse ] --END-- [ RunTime:0.003254s ]
INFO: [ view_filter ] --START--
INFO: ContentReplace Behavior ::run [ RunTime:0.000139s ]
INFO: TokenBuild Behavior ::run [ RunTime:0.000107s ]
INFO: WriteHtmlCache Behavior ::run [ RunTime:0.000063s ]
INFO: ShowRuntime Behavior ::run [ RunTime:0.000125s ]
INFO: [ view_filter ] --END-- [ RunTime:0.000589s ]
INFO: [ view_end ] --START--
INFO: ShowPageTrace Behavior ::run [ RunTime:0.000102s ]
INFO: [ view_end ] --END-- [ RunTime:0.000163s ]

[ 2014-05-14T05:37:41+08:00 ] 0.0.0.0 /ThermalGrid/
INFO: [ app_begin ] --START--
INFO: ReadHtmlCache Behavior ::run [ RunTime:0.000128s ]
INFO: [ app_begin ] --END-- [ RunTime:0.000225s ]
NOTIC: [2048] Declaration of IndexAction::get() should be compatible with Action::get($name = '') /Users/duruofei/Localhost/ThermalGrid/ThermalGrid/Lib/Action/IndexAction.class.php 第 2 行.
SQL: SHOW COLUMNS FROM `tg_grid` [ RunTime:0.054298s ]
SQL: SELECT * FROM `tg_grid` ORDER BY time desc LIMIT 1   [ RunTime:0.050586s ]
INFO: [ view_parse ] --START--
INFO: ParseTemplate Behavior ::run [ RunTime:0.004331s ]
INFO: [ view_parse ] --END-- [ RunTime:0.004432s ]
INFO: [ view_filter ] --START--
INFO: ContentReplace Behavior ::run [ RunTime:0.000155s ]
INFO: TokenBuild Behavior ::run [ RunTime:0.000142s ]
INFO: WriteHtmlCache Behavior ::run [ RunTime:0.000087s ]
INFO: ShowRuntime Behavior ::run [ RunTime:0.000167s ]
INFO: [ view_filter ] --END-- [ RunTime:0.000745s ]
INFO: [ view_end ] --START--
INFO: ShowPageTrace Behavior ::run [ RunTime:0.000136s ]
INFO: [ view_end ] --END-- [ RunTime:0.000214s ]

[ 2014-05-14T05:38:58+08:00 ] 0.0.0.0 /ThermalGrid/
INFO: [ app_begin ] --START--
INFO: ReadHtmlCache Behavior ::run [ RunTime:0.000173s ]
INFO: [ app_begin ] --END-- [ RunTime:0.000345s ]
NOTIC: [2048] Declaration of IndexAction::get() should be compatible with Action::get($name = '') /Users/duruofei/Localhost/ThermalGrid/ThermalGrid/Lib/Action/IndexAction.class.php 第 2 行.
SQL: SHOW COLUMNS FROM `tg_grid` [ RunTime:0.053216s ]
SQL: SELECT * FROM `tg_grid` ORDER BY time desc LIMIT 1   [ RunTime:0.050279s ]
INFO: [ view_parse ] --START--
INFO: ParseTemplate Behavior ::run [ RunTime:0.003606s ]
INFO: [ view_parse ] --END-- [ RunTime:0.003696s ]
INFO: [ view_filter ] --START--
INFO: ContentReplace Behavior ::run [ RunTime:0.000145s ]
INFO: TokenBuild Behavior ::run [ RunTime:0.000116s ]
INFO: WriteHtmlCache Behavior ::run [ RunTime:0.000081s ]
INFO: ShowRuntime Behavior ::run [ RunTime:0.000156s ]
INFO: [ view_filter ] --END-- [ RunTime:0.000652s ]
INFO: [ view_end ] --START--
INFO: ShowPageTrace Behavior ::run [ RunTime:0.000124s ]
INFO: [ view_end ] --END-- [ RunTime:0.000179s ]

[ 2014-05-14T05:39:00+08:00 ] 0.0.0.0 /ThermalGrid/
INFO: [ app_begin ] --START--
INFO: ReadHtmlCache Behavior ::run [ RunTime:0.000193s ]
INFO: [ app_begin ] --END-- [ RunTime:0.000382s ]
NOTIC: [2048] Declaration of IndexAction::get() should be compatible with Action::get($name = '') /Users/duruofei/Localhost/ThermalGrid/ThermalGrid/Lib/Action/IndexAction.class.php 第 2 行.
SQL: SHOW COLUMNS FROM `tg_grid` [ RunTime:0.053046s ]
SQL: SELECT * FROM `tg_grid` ORDER BY time desc LIMIT 1   [ RunTime:0.050645s ]
INFO: [ view_parse ] --START--
INFO: ParseTemplate Behavior ::run [ RunTime:0.003693s ]
INFO: [ view_parse ] --END-- [ RunTime:0.003779s ]
INFO: [ view_filter ] --START--
INFO: ContentReplace Behavior ::run [ RunTime:0.000185s ]
INFO: TokenBuild Behavior ::run [ RunTime:0.000139s ]
INFO: WriteHtmlCache Behavior ::run [ RunTime:0.000100s ]
INFO: ShowRuntime Behavior ::run [ RunTime:0.000169s ]
INFO: [ view_filter ] --END-- [ RunTime:0.000758s ]
INFO: [ view_end ] --START--
INFO: ShowPageTrace Behavior ::run [ RunTime:0.000134s ]
INFO: [ view_end ] --END-- [ RunTime:0.000193s ]

